<?xml version="1.0" encoding="UTF-8"?>
<testsuite name="When user changes read status in BookLore" tests="2" skipped="0" failures="0" errors="0" timestamp="2025-12-28T05:33:58.814Z" hostname="DESKTOP-67T0KNA" time="0.001">
  <properties/>
  <testcase name="New status change should be marked for sync" classname="com.adityachandel.booklore.service.KoboProgressSyncTest$WhenUserChangesStatus" time="0.0"/>
  <testcase name="Already synced status should not sync again" classname="com.adityachandel.booklore.service.KoboProgressSyncTest$WhenUserChangesStatus" time="0.001"/>
  <system-out><![CDATA[]]></system-out>
  <system-err><![CDATA[]]></system-err>
</testsuite>
