<?xml version="1.0" encoding="UTF-8"?>
<testsuite name="com.adityachandel.booklore.service.monitoring.MonitoringServiceTest" tests="10" skipped="0" failures="0" errors="0" timestamp="2025-12-28T05:34:07.515Z" hostname="DESKTOP-67T0KNA" time="0.371">
  <properties/>
  <testcase name="handleWatchKeyInvalidation_removesInvalidPath_and_cancelsKey()" classname="com.adityachandel.booklore.service.monitoring.MonitoringServiceTest" time="0.144"/>
  <testcase name="isPathMonitored_handlesNonNormalizedPaths()" classname="com.adityachandel.booklore.service.monitoring.MonitoringServiceTest" time="0.008"/>
  <testcase name="handleFileChangeEvent_deleteDirectory_unregistersSubPaths()" classname="com.adityachandel.booklore.service.monitoring.MonitoringServiceTest" time="0.044"/>
  <testcase name="unregisterLibrary_removesRegisteredPathsAndUpdatesMaps()" classname="com.adityachandel.booklore.service.monitoring.MonitoringServiceTest" time="0.007"/>
  <testcase name="handleFileChangeEvent_ignoresIrrelevantNonBookFile()" classname="com.adityachandel.booklore.service.monitoring.MonitoringServiceTest" time="0.013"/>
  <testcase name="registerLibrary_registersAllDirectoriesUnderLibraryPath()" classname="com.adityachandel.booklore.service.monitoring.MonitoringServiceTest" time="0.09"/>
  <testcase name="isRelevantBookFile_detectsBookExtensions()" classname="com.adityachandel.booklore.service.monitoring.MonitoringServiceTest" time="0.005"/>
  <testcase name="handleFileChangeEvent_createDirectory_registersNestedPaths()" classname="com.adityachandel.booklore.service.monitoring.MonitoringServiceTest" time="0.01"/>
  <testcase name="backgroundProcessor_processesQueuedEvents_and_callsProcessor()" classname="com.adityachandel.booklore.service.monitoring.MonitoringServiceTest" time="0.039"/>
  <testcase name="registerPath_successful_updatesInternalMapsAndSets()" classname="com.adityachandel.booklore.service.monitoring.MonitoringServiceTest" time="0.008"/>
  <system-out><![CDATA[14:34:07.655 [Test worker] WARN com.adityachandel.booklore.service.monitoring.MonitoringService -- Removing invalid path from monitoring: C:\Users\home\AppData\Local\Temp\junit-14673953991674467952\inv
14:34:07.655 [Test worker] INFO com.adityachandel.booklore.service.monitoring.MonitoringService -- Shutting down monitoring service...
14:34:07.663 [Test worker] INFO com.adityachandel.booklore.service.monitoring.MonitoringService -- Shutting down monitoring service...
14:34:07.705 [Test worker] INFO com.adityachandel.booklore.service.monitoring.MonitoringService -- Shutting down monitoring service...
14:34:07.716 [Test worker] INFO com.adityachandel.booklore.service.monitoring.MonitoringService -- Shutting down monitoring service...
14:34:07.724 [Test worker] INFO com.adityachandel.booklore.service.monitoring.MonitoringService -- Starting file change processor...
14:34:07.728 [Test worker] INFO com.adityachandel.booklore.service.monitoring.MonitoringService -- Shutting down monitoring service...
14:34:07.811 [Test worker] INFO com.adityachandel.booklore.service.monitoring.MonitoringService -- Registered 3 folders for library 'my-lib'
14:34:07.815 [Test worker] INFO com.adityachandel.booklore.service.monitoring.MonitoringService -- Shutting down monitoring service...
14:34:07.826 [Test worker] INFO com.adityachandel.booklore.service.monitoring.MonitoringService -- Shutting down monitoring service...
14:34:07.833 [Test worker] INFO com.adityachandel.booklore.service.monitoring.MonitoringService -- Shutting down monitoring service...
14:34:07.843 [Test worker] INFO com.adityachandel.booklore.service.monitoring.MonitoringService -- Starting file change processor...
14:34:07.873 [Test worker] INFO com.adityachandel.booklore.service.monitoring.MonitoringService -- Shutting down monitoring service...
14:34:07.882 [Test worker] INFO com.adityachandel.booklore.service.monitoring.MonitoringService -- Shutting down monitoring service...
]]></system-out>
  <system-err><![CDATA[]]></system-err>
</testsuite>
