<?xml version="1.0" encoding="UTF-8"?>
<testsuite name="Author Name Extraction Tests" tests="3" skipped="0" failures="0" errors="0" timestamp="2025-12-28T05:34:06.478Z" hostname="DESKTOP-67T0KNA" time="0.023">
  <properties/>
  <testcase name="Should use nickname when name parts are missing" classname="com.adityachandel.booklore.service.metadata.extractor.Fb2MetadataExtractorTest$AuthorNameTests" time="0.007"/>
  <testcase name="Should extract author with first, middle and last name" classname="com.adityachandel.booklore.service.metadata.extractor.Fb2MetadataExtractorTest$AuthorNameTests" time="0.008"/>
  <testcase name="Should extract author with first and last name" classname="com.adityachandel.booklore.service.metadata.extractor.Fb2MetadataExtractorTest$AuthorNameTests" time="0.007"/>
  <system-out><![CDATA[]]></system-out>
  <system-err><![CDATA[]]></system-err>
</testsuite>
