<?xml version="1.0" encoding="UTF-8"?>
<testsuite name="com.adityachandel.booklore.convertor.BookRecommendationIdsListConverterTest" tests="6" skipped="0" failures="0" errors="0" timestamp="2025-12-28T05:33:52.982Z" hostname="DESKTOP-67T0KNA" time="0.375">
  <properties/>
  <testcase name="convertToEntityAttribute_withEmptyString_shouldReturnEmptySet()" classname="com.adityachandel.booklore.convertor.BookRecommendationIdsListConverterTest" time="0.241"/>
  <testcase name="convertToEntityAttribute_withBlankString_shouldReturnEmptySet()" classname="com.adityachandel.booklore.convertor.BookRecommendationIdsListConverterTest" time="0.001"/>
  <testcase name="convertToDatabaseColumn_shouldSerializeSetToJsonString()" classname="com.adityachandel.booklore.convertor.BookRecommendationIdsListConverterTest" time="0.08"/>
  <testcase name="convertToEntityAttribute_shouldDeserializeJsonStringToSet()" classname="com.adityachandel.booklore.convertor.BookRecommendationIdsListConverterTest" time="0.049"/>
  <testcase name="convertToEntityAttribute_withNull_shouldReturnEmptySet()" classname="com.adityachandel.booklore.convertor.BookRecommendationIdsListConverterTest" time="0.001"/>
  <testcase name="convertToDatabaseColumn_withNull_shouldReturnNull()" classname="com.adityachandel.booklore.convertor.BookRecommendationIdsListConverterTest" time="0.001"/>
  <system-out><![CDATA[]]></system-out>
  <system-err><![CDATA[]]></system-err>
</testsuite>
