<?xml version="1.0" encoding="UTF-8"?>
<testsuite name="com.adityachandel.booklore.service.metadata.writer.CbxMetadataWriterTest" tests="3" skipped="0" failures="0" errors="0" timestamp="2025-12-28T05:34:07.099Z" hostname="DESKTOP-67T0KNA" time="0.108">
  <properties/>
  <testcase name="writeMetadataToFile_cbz_updatesExistingComicInfo()" classname="com.adityachandel.booklore.service.metadata.writer.CbxMetadataWriterTest" time="0.077"/>
  <testcase name="getSupportedBookType_isCbx()" classname="com.adityachandel.booklore.service.metadata.writer.CbxMetadataWriterTest" time="0.002"/>
  <testcase name="writeMetadataToFile_cbz_updatesOrCreatesComicInfo_andPreservesOtherFiles()" classname="com.adityachandel.booklore.service.metadata.writer.CbxMetadataWriterTest" time="0.029"/>
  <system-out><![CDATA[]]></system-out>
  <system-err><![CDATA[]]></system-err>
</testsuite>
