<?xml version="1.0" encoding="UTF-8"?>
<testsuite name="Series Metadata Tests" tests="3" skipped="0" failures="0" errors="0" timestamp="2025-12-28T05:34:05.809Z" hostname="DESKTOP-67T0KNA" time="0.047">
  <properties/>
  <testcase name="Should extract Calibre series metadata" classname="com.adityachandel.booklore.service.metadata.extractor.EpubMetadataExtractorTest$SeriesMetadataTests" time="0.015"/>
  <testcase name="Should handle invalid series index gracefully" classname="com.adityachandel.booklore.service.metadata.extractor.EpubMetadataExtractorTest$SeriesMetadataTests" time="0.015"/>
  <testcase name="Should extract booklore series metadata" classname="com.adityachandel.booklore.service.metadata.extractor.EpubMetadataExtractorTest$SeriesMetadataTests" time="0.015"/>
  <system-out><![CDATA[]]></system-out>
  <system-err><![CDATA[]]></system-err>
</testsuite>
