<?xml version="1.0" encoding="UTF-8"?>
<testsuite name="Other path methods" tests="5" skipped="0" failures="0" errors="0" timestamp="2025-12-28T05:34:10.631Z" hostname="DESKTOP-67T0KNA" time="0.022">
  <properties/>
  <testcase name="getTempBookdropCoverImagePath_returnsCorrectPath()" classname="com.adityachandel.booklore.util.FileServiceTest$PathUtilitiesTests$OtherPathTests" time="0.004"/>
  <testcase name="getBookMetadataBackupPath_returnsCorrectPath()" classname="com.adityachandel.booklore.util.FileServiceTest$PathUtilitiesTests$OtherPathTests" time="0.004"/>
  <testcase name="getCbxCachePath_returnsCorrectPath()" classname="com.adityachandel.booklore.util.FileServiceTest$PathUtilitiesTests$OtherPathTests" time="0.004"/>
  <testcase name="getToolsKepubifyPath_returnsCorrectPath()" classname="com.adityachandel.booklore.util.FileServiceTest$PathUtilitiesTests$OtherPathTests" time="0.004"/>
  <testcase name="getPdfCachePath_returnsCorrectPath()" classname="com.adityachandel.booklore.util.FileServiceTest$PathUtilitiesTests$OtherPathTests" time="0.004"/>
  <system-out><![CDATA[]]></system-out>
  <system-err><![CDATA[]]></system-err>
</testsuite>
