<?xml version="1.0" encoding="UTF-8"?>
<testsuite name="com.adityachandel.booklore.util.RequestUtilsTest" tests="4" skipped="0" failures="0" errors="0" timestamp="2025-12-28T05:34:10.949Z" hostname="DESKTOP-67T0KNA" time="0.012">
  <properties/>
  <testcase name="testGetCurrentRequest_success()" classname="com.adityachandel.booklore.util.RequestUtilsTest" time="0.01"/>
  <testcase name="testGetCurrentRequest_nonServletAttributes()" classname="com.adityachandel.booklore.util.RequestUtilsTest" time="0.001"/>
  <testcase name="testGetCurrentRequest_noRequestAttributes()" classname="com.adityachandel.booklore.util.RequestUtilsTest" time="0.0"/>
  <testcase name="testGetCurrentRequest_multipleCalls()" classname="com.adityachandel.booklore.util.RequestUtilsTest" time="0.001"/>
  <system-out><![CDATA[]]></system-out>
  <system-err><![CDATA[]]></system-err>
</testsuite>
