<?xml version="1.0" encoding="UTF-8"?>
<testsuite name="com.adityachandel.booklore.controller.KoreaderControllerTest" tests="4" skipped="0" failures="0" errors="0" timestamp="2025-12-28T05:33:52.573Z" hostname="DESKTOP-67T0KNA" time="0.101">
  <properties/>
  <testcase name="getProgress_returnsProgress()" classname="com.adityachandel.booklore.controller.KoreaderControllerTest" time="0.092"/>
  <testcase name="updateProgress_returnsOk()" classname="com.adityachandel.booklore.controller.KoreaderControllerTest" time="0.004"/>
  <testcase name="authorizeUser_returnsServiceResponse()" classname="com.adityachandel.booklore.controller.KoreaderControllerTest" time="0.002"/>
  <testcase name="createUser_returnsForbiddenAndLogs()" classname="com.adityachandel.booklore.controller.KoreaderControllerTest" time="0.002"/>
  <system-out><![CDATA[14:33:52.673 [Test worker] WARN com.adityachandel.booklore.controller.KoreaderController -- Attempt to register user via Koreader blocked: {username=test}
]]></system-out>
  <system-err><![CDATA[]]></system-err>
</testsuite>
