<?xml version="1.0" encoding="UTF-8"?>
<testsuite name="Metadata Extraction Tests" tests="8" skipped="0" failures="0" errors="0" timestamp="2025-12-28T05:34:05.857Z" hostname="DESKTOP-67T0KNA" time="0.123">
  <properties/>
  <testcase name="Should not extract non-authors from EPUB metadata" classname="com.adityachandel.booklore.service.metadata.extractor.EpubMetadataExtractorTest$MetadataExtractionTests" time="0.017"/>
  <testcase name="Should extract author from EPUB metadata" classname="com.adityachandel.booklore.service.metadata.extractor.EpubMetadataExtractorTest$MetadataExtractionTests" time="0.015"/>
  <testcase name="Should extract all metadata fields when provided" classname="com.adityachandel.booklore.service.metadata.extractor.EpubMetadataExtractorTest$MetadataExtractionTests" time="0.016"/>
  <testcase name="Should extract language from EPUB metadata" classname="com.adityachandel.booklore.service.metadata.extractor.EpubMetadataExtractorTest$MetadataExtractionTests" time="0.014"/>
  <testcase name="Should use filename as title when title is missing" classname="com.adityachandel.booklore.service.metadata.extractor.EpubMetadataExtractorTest$MetadataExtractionTests" time="0.016"/>
  <testcase name="Should extract title from EPUB metadata" classname="com.adityachandel.booklore.service.metadata.extractor.EpubMetadataExtractorTest$MetadataExtractionTests" time="0.014"/>
  <testcase name="Should extract multiple authors from EPUB metadata" classname="com.adityachandel.booklore.service.metadata.extractor.EpubMetadataExtractorTest$MetadataExtractionTests" time="0.013"/>
  <testcase name="Should extract publisher from EPUB metadata" classname="com.adityachandel.booklore.service.metadata.extractor.EpubMetadataExtractorTest$MetadataExtractionTests" time="0.014"/>
  <system-out><![CDATA[]]></system-out>
  <system-err><![CDATA[]]></system-err>
</testsuite>
