<?xml version="1.0" encoding="UTF-8"?>
<testsuite name="Complete Metadata Extraction Test" tests="1" skipped="0" failures="0" errors="0" timestamp="2025-12-28T05:34:06.450Z" hostname="DESKTOP-67T0KNA" time="0.01">
  <properties/>
  <testcase name="Should extract all metadata fields from complete FB2 with title-info" classname="com.adityachandel.booklore.service.metadata.extractor.Fb2MetadataExtractorTest$CompleteMetadataTest" time="0.01"/>
  <system-out><![CDATA[]]></system-out>
  <system-err><![CDATA[]]></system-err>
</testsuite>
