<?xml version="1.0" encoding="UTF-8"?>
<testsuite name="Full ReadingState Building" tests="1" skipped="0" failures="0" errors="0" timestamp="2025-12-28T05:33:58.820Z" hostname="DESKTOP-67T0KNA" time="0.021">
  <properties/>
  <testcase name="Should build complete reading state from progress" classname="com.adityachandel.booklore.service.KoboReadingStateBuilderTest$FullReadingStateBuilding" time="0.021"/>
  <system-out><![CDATA[]]></system-out>
  <system-err><![CDATA[]]></system-err>
</testsuite>
