<?xml version="1.0" encoding="UTF-8"?>
<testsuite name="setBookCoverPath" tests="2" skipped="0" failures="0" errors="0" timestamp="2025-12-28T05:34:09.396Z" hostname="DESKTOP-67T0KNA" time="0.009">
  <properties/>
  <testcase name="overwritesExistingTimestamp()" classname="com.adityachandel.booklore.util.FileServiceTest$CoverOperationsTests$SetBookCoverPathTests" time="0.005"/>
  <testcase name="setsTimestampToCurrentTime()" classname="com.adityachandel.booklore.util.FileServiceTest$CoverOperationsTests$SetBookCoverPathTests" time="0.004"/>
  <system-out><![CDATA[]]></system-out>
  <system-err><![CDATA[]]></system-err>
</testsuite>
