<?xml version="1.0" encoding="UTF-8"?>
<testsuite name="getBackgroundsFolder" tests="3" skipped="0" failures="0" errors="0" timestamp="2025-12-28T05:34:10.667Z" hostname="DESKTOP-67T0KNA" time="0.013">
  <properties/>
  <testcase name="withUserId_returnsUserSpecificPath()" classname="com.adityachandel.booklore.util.FileServiceTest$PathUtilitiesTests$GetBackgroundsFolderTests" time="0.004"/>
  <testcase name="withNullUserId_returnsGlobalPath()" classname="com.adityachandel.booklore.util.FileServiceTest$PathUtilitiesTests$GetBackgroundsFolderTests" time="0.004"/>
  <testcase name="noArgs_delegatesToNullUserId()" classname="com.adityachandel.booklore.util.FileServiceTest$PathUtilitiesTests$GetBackgroundsFolderTests" time="0.004"/>
  <system-out><![CDATA[]]></system-out>
  <system-err><![CDATA[]]></system-err>
</testsuite>
