<?xml version="1.0" encoding="UTF-8"?>
<testsuite name="com.adityachandel.booklore.service.metadata.BookMetadataUpdaterTest" tests="7" skipped="0" failures="0" errors="0" timestamp="2025-12-28T05:34:05.270Z" hostname="DESKTOP-67T0KNA" time="0.017">
  <properties/>
  <testcase name="setBookMetadata_withMergeMoodsFalse_andEmptyIncomingSet_shouldClearAllMoods()" classname="com.adityachandel.booklore.service.metadata.BookMetadataUpdaterTest" time="0.002"/>
  <testcase name="setBookMetadata_withMergeTagsTrue_shouldMergeTags()" classname="com.adityachandel.booklore.service.metadata.BookMetadataUpdaterTest" time="0.003"/>
  <testcase name="setBookMetadata_withMergeTagsFalse_andEmptyIncomingSet_shouldClearAllTags()" classname="com.adityachandel.booklore.service.metadata.BookMetadataUpdaterTest" time="0.002"/>
  <testcase name="setBookMetadata_withMergeMoodsFalse_shouldReplaceMoods()" classname="com.adityachandel.booklore.service.metadata.BookMetadataUpdaterTest" time="0.003"/>
  <testcase name="setBookMetadata_withMergeMoodsTrue_shouldMergeMoods()" classname="com.adityachandel.booklore.service.metadata.BookMetadataUpdaterTest" time="0.002"/>
  <testcase name="setBookMetadata_withLockField_shouldUpdateAndLock()" classname="com.adityachandel.booklore.service.metadata.BookMetadataUpdaterTest" time="0.002"/>
  <testcase name="setBookMetadata_withMergeTagsFalse_shouldReplaceTags()" classname="com.adityachandel.booklore.service.metadata.BookMetadataUpdaterTest" time="0.002"/>
  <system-out><![CDATA[]]></system-out>
  <system-err><![CDATA[]]></system-err>
</testsuite>
