<?xml version="1.0" encoding="UTF-8"?>
<testsuite name="saveImage" tests="7" skipped="0" failures="0" errors="0" timestamp="2025-12-28T05:34:10.495Z" hostname="DESKTOP-67T0KNA" time="0.088">
  <properties/>
  <testcase name="createsParentDirectories()" classname="com.adityachandel.booklore.util.FileServiceTest$ImageOperationsTests$SaveImageTests" time="0.021"/>
  <testcase name="nullImageData_throwsException()" classname="com.adityachandel.booklore.util.FileServiceTest$ImageOperationsTests$SaveImageTests" time="0.004"/>
  <testcase name="directoryCreationSucceeds_nestedPaths()" classname="com.adityachandel.booklore.util.FileServiceTest$ImageOperationsTests$SaveImageTests" time="0.021"/>
  <testcase name="emptyImageData_throwsException()" classname="com.adityachandel.booklore.util.FileServiceTest$ImageOperationsTests$SaveImageTests" time="0.005"/>
  <testcase name="validData_createsFile()" classname="com.adityachandel.booklore.util.FileServiceTest$ImageOperationsTests$SaveImageTests" time="0.014"/>
  <testcase name="savedImage_isReadable()" classname="com.adityachandel.booklore.util.FileServiceTest$ImageOperationsTests$SaveImageTests" time="0.015"/>
  <testcase name="invalidImageData_throwsException()" classname="com.adityachandel.booklore.util.FileServiceTest$ImageOperationsTests$SaveImageTests" time="0.007"/>
  <system-out><![CDATA[14:34:10.509 [Test worker] INFO com.adityachandel.booklore.util.FileService -- Image saved successfully to: C:\Users\home\AppData\Local\Temp\junit-16531485248877450744\nested\deep\folder\test.jpg
14:34:10.535 [Test worker] INFO com.adityachandel.booklore.util.FileService -- Image saved successfully to: C:\Users\home\AppData\Local\Temp\junit-1559808567282229534\nested\deep\folder\test.jpg
14:34:10.558 [Test worker] INFO com.adityachandel.booklore.util.FileService -- Image saved successfully to: C:\Users\home\AppData\Local\Temp\junit-11676198823923374438\test-output.jpg
14:34:10.572 [Test worker] INFO com.adityachandel.booklore.util.FileService -- Image saved successfully to: C:\Users\home\AppData\Local\Temp\junit-5204501499673512068\readable.jpg
]]></system-out>
  <system-err><![CDATA[]]></system-err>
</testsuite>
