<?xml version="1.0" encoding="UTF-8"?>
<testsuite name="getBackgroundUrl (static)" tests="3" skipped="0" failures="0" errors="0" timestamp="2025-12-28T05:34:10.654Z" hostname="DESKTOP-67T0KNA" time="0.013">
  <properties/>
  <testcase name="handlesFilenameWithSpaces()" classname="com.adityachandel.booklore.util.FileServiceTest$PathUtilitiesTests$GetBackgroundUrlTests" time="0.004"/>
  <testcase name="withoutUserId_returnsGlobalUrl()" classname="com.adityachandel.booklore.util.FileServiceTest$PathUtilitiesTests$GetBackgroundUrlTests" time="0.004"/>
  <testcase name="withUserId_returnsCorrectUrl()" classname="com.adityachandel.booklore.util.FileServiceTest$PathUtilitiesTests$GetBackgroundUrlTests" time="0.005"/>
  <system-out><![CDATA[]]></system-out>
  <system-err><![CDATA[]]></system-err>
</testsuite>
