<?xml version="1.0" encoding="UTF-8"?>
<testsuite name="com.adityachandel.booklore.controller.MetadataControllerTest" tests="1" skipped="0" failures="0" errors="0" timestamp="2025-12-28T05:33:52.728Z" hostname="DESKTOP-67T0KNA" time="0.252">
  <properties/>
  <testcase name="updateMetadata_shouldDisableMergingForTagsAndMoods()" classname="com.adityachandel.booklore.controller.MetadataControllerTest" time="0.252"/>
  <system-out><![CDATA[]]></system-out>
  <system-err><![CDATA[]]></system-err>
</testsuite>
