<?xml version="1.0" encoding="UTF-8"?>
<testsuite name="com.adityachandel.booklore.controller.KoreaderUserControllerTest" tests="3" skipped="0" failures="0" errors="0" timestamp="2025-12-28T05:33:52.679Z" hostname="DESKTOP-67T0KNA" time="0.037">
  <properties/>
  <testcase name="upsertCurrentUser_returnsUser()" classname="com.adityachandel.booklore.controller.KoreaderUserControllerTest" time="0.03"/>
  <testcase name="getCurrentUser_returnsUser()" classname="com.adityachandel.booklore.controller.KoreaderUserControllerTest" time="0.002"/>
  <testcase name="updateSyncEnabled_returnsNoContent()" classname="com.adityachandel.booklore.controller.KoreaderUserControllerTest" time="0.003"/>
  <system-out><![CDATA[]]></system-out>
  <system-err><![CDATA[]]></system-err>
</testsuite>
