<?xml version="1.0" encoding="UTF-8"?>
<testsuite name="saveBackgroundImage" tests="4" skipped="0" failures="0" errors="0" timestamp="2025-12-28T05:34:08.929Z" hostname="DESKTOP-67T0KNA" time="0.145">
  <properties/>
  <testcase name="userBackground_savesInUserFolder()" classname="com.adityachandel.booklore.util.FileServiceTest$BackgroundOperationsTests$SaveBackgroundImageTests" time="0.065"/>
  <testcase name="globalBackground_savesInGlobalFolder()" classname="com.adityachandel.booklore.util.FileServiceTest$BackgroundOperationsTests$SaveBackgroundImageTests" time="0.054"/>
  <testcase name="overwritesExistingFile()" classname="com.adityachandel.booklore.util.FileServiceTest$BackgroundOperationsTests$SaveBackgroundImageTests" time="0.014"/>
  <testcase name="createsDirectoryIfNotExists()" classname="com.adityachandel.booklore.util.FileServiceTest$BackgroundOperationsTests$SaveBackgroundImageTests" time="0.011"/>
  <system-out><![CDATA[14:34:08.988 [Test worker] INFO com.adityachandel.booklore.util.FileService -- Background image saved successfully for user 1: bg.jpg
14:34:09.045 [Test worker] INFO com.adityachandel.booklore.util.FileService -- Background image saved successfully for user null: global.jpg
14:34:09.054 [Test worker] INFO com.adityachandel.booklore.util.FileService -- Background image saved successfully for user 3: bg.jpg
14:34:09.058 [Test worker] INFO com.adityachandel.booklore.util.FileService -- Background image saved successfully for user 3: bg.jpg
14:34:09.069 [Test worker] INFO com.adityachandel.booklore.util.FileService -- Background image saved successfully for user 2: new.jpg
]]></system-out>
  <system-err><![CDATA[]]></system-err>
</testsuite>
