<?xml version="1.0" encoding="UTF-8"?>
<testsuite name="resizeImage" tests="6" skipped="0" failures="0" errors="0" timestamp="2025-12-28T05:34:10.583Z" hostname="DESKTOP-67T0KNA" time="0.047">
  <properties/>
  <testcase name="returnsRGBType()" classname="com.adityachandel.booklore.util.FileServiceTest$ImageOperationsTests$ResizeImageTests" time="0.009"/>
  <testcase name="changesAspectRatio()" classname="com.adityachandel.booklore.util.FileServiceTest$ImageOperationsTests$ResizeImageTests" time="0.008"/>
  <testcase name="sameSize_worksCorrectly()" classname="com.adityachandel.booklore.util.FileServiceTest$ImageOperationsTests$ResizeImageTests" time="0.009"/>
  <testcase name="shrinks_imageProperly()" classname="com.adityachandel.booklore.util.FileServiceTest$ImageOperationsTests$ResizeImageTests" time="0.007"/>
  <testcase name="handlesVerySmallDimensions()" classname="com.adityachandel.booklore.util.FileServiceTest$ImageOperationsTests$ResizeImageTests" time="0.007"/>
  <testcase name="enlarges_imageProperly()" classname="com.adityachandel.booklore.util.FileServiceTest$ImageOperationsTests$ResizeImageTests" time="0.007"/>
  <system-out><![CDATA[]]></system-out>
  <system-err><![CDATA[]]></system-err>
</testsuite>
