<?xml version="1.0" encoding="UTF-8"?>
<testsuite name="Rapid Requests - Kobo sends multiple syncs within seconds" tests="1" skipped="0" failures="0" errors="0" timestamp="2025-12-28T05:33:59.104Z" hostname="DESKTOP-67T0KNA" time="0.003">
  <properties/>
  <testcase name="Two requests 2s after sync -&gt; both preserve READ status" classname="com.adityachandel.booklore.service.KoboStatusSyncProtectionTest$MultipleRapidRequests" time="0.003"/>
  <system-out><![CDATA[]]></system-out>
  <system-err><![CDATA[]]></system-err>
</testsuite>
