<?xml version="1.0" encoding="UTF-8"?>
<testsuite name="Cover Extraction Tests" tests="2" skipped="0" failures="0" errors="0" timestamp="2025-12-28T05:34:06.461Z" hostname="DESKTOP-67T0KNA" time="0.016">
  <properties/>
  <testcase name="Should return null when no cover present" classname="com.adityachandel.booklore.service.metadata.extractor.Fb2MetadataExtractorTest$CoverExtractionTests" time="0.008"/>
  <testcase name="Should extract cover image from binary section" classname="com.adityachandel.booklore.service.metadata.extractor.Fb2MetadataExtractorTest$CoverExtractionTests" time="0.008"/>
  <system-out><![CDATA[]]></system-out>
  <system-err><![CDATA[]]></system-err>
</testsuite>
