<?xml version="1.0" encoding="UTF-8"?>
<testsuite name="CBX Conversion Integration Test" tests="1" skipped="0" failures="0" errors="0" timestamp="2025-12-28T05:34:03.155Z" hostname="DESKTOP-67T0KNA" time="0.91">
  <properties/>
  <testcase name="Should successfully convert CBZ to EPUB with valid structure" classname="com.adityachandel.booklore.service.kobo.CbxConversionIntegrationTest" time="0.91"/>
  <system-out><![CDATA[14:34:03.759 [Test worker] INFO com.adityachandel.booklore.service.kobo.CbxConversionService -- Starting CBX to EPUB conversion for: test-comic.cbz
14:34:04.042 [Test worker] INFO com.adityachandel.booklore.service.kobo.CbxConversionService -- Successfully converted test-comic.cbz to test-comic.cbz.epub (size: 15257 bytes)
]]></system-out>
  <system-err><![CDATA[]]></system-err>
</testsuite>
