<?xml version="1.0" encoding="UTF-8"?>
<testsuite name="Kobo-to-Kobo sync scenarios" tests="2" skipped="0" failures="0" errors="0" timestamp="2025-12-28T05:33:58.806Z" hostname="DESKTOP-67T0KNA" time="0.006">
  <properties/>
  <testcase name="Progress from Device A should sync to Device B" classname="com.adityachandel.booklore.service.KoboProgressSyncTest$KoboToKoboSync" time="0.003"/>
  <testcase name="Both status and progress changes should sync together" classname="com.adityachandel.booklore.service.KoboProgressSyncTest$KoboToKoboSync" time="0.002"/>
  <system-out><![CDATA[]]></system-out>
  <system-err><![CDATA[]]></system-err>
</testsuite>
