<?xml version="1.0" encoding="UTF-8"?>
<testsuite name="com.adityachandel.booklore.service.BookdropNotificationServiceTest" tests="2" skipped="0" failures="0" errors="0" timestamp="2025-12-28T05:33:55.651Z" hostname="DESKTOP-67T0KNA" time="0.039">
  <properties/>
  <testcase name="sendBookdropFileSummaryNotification_shouldSendEvenIfCountsAreZero()" classname="com.adityachandel.booklore.service.BookdropNotificationServiceTest" time="0.035"/>
  <testcase name="sendBookdropFileSummaryNotification_shouldSendCorrectNotification()" classname="com.adityachandel.booklore.service.BookdropNotificationServiceTest" time="0.004"/>
  <system-out><![CDATA[]]></system-out>
  <system-err><![CDATA[]]></system-err>
</testsuite>
