<?xml version="1.0" encoding="UTF-8"?>
<testsuite name="downloadImageFromUrl" tests="4" skipped="0" failures="0" errors="0" timestamp="2025-12-28T05:34:09.235Z" hostname="DESKTOP-67T0KNA" time="0.034">
  <properties/>
  <testcase name="throws exception when response body is null" classname="com.adityachandel.booklore.util.FileServiceTest$NetworkOperationsTests$DownloadImageFromUrlTests" time="0.007"/>
  <testcase name="downloads and returns valid image" classname="com.adityachandel.booklore.util.FileServiceTest$NetworkOperationsTests$DownloadImageFromUrlTests" time="0.014"/>
  <testcase name="throws exception when ImageIO cannot read bytes" classname="com.adityachandel.booklore.util.FileServiceTest$NetworkOperationsTests$DownloadImageFromUrlTests" time="0.008"/>
  <testcase name="throws exception on HTTP error status" classname="com.adityachandel.booklore.util.FileServiceTest$NetworkOperationsTests$DownloadImageFromUrlTests" time="0.005"/>
  <system-out><![CDATA[14:34:09.240 [Test worker] ERROR com.adityachandel.booklore.util.FileService -- Failed to download image from URL: http://example.com/image.jpg - Failed to download image. HTTP Status: 200 OK
14:34:09.262 [Test worker] ERROR com.adityachandel.booklore.util.FileService -- Failed to download image from URL: http://example.com/image.jpg - Downloaded content is not a supported image format.
14:34:09.267 [Test worker] ERROR com.adityachandel.booklore.util.FileService -- Failed to download image from URL: http://example.com/image.jpg - Failed to download image. HTTP Status: 404 NOT_FOUND
]]></system-out>
  <system-err><![CDATA[]]></system-err>
</testsuite>
