<?xml version="1.0" encoding="UTF-8"?>
<testsuite name="Keywords Extraction Tests" tests="2" skipped="0" failures="0" errors="0" timestamp="2025-12-28T05:34:06.502Z" hostname="DESKTOP-67T0KNA" time="0.014">
  <properties/>
  <testcase name="Should extract keywords as categories" classname="com.adityachandel.booklore.service.metadata.extractor.Fb2MetadataExtractorTest$KeywordsTests" time="0.007"/>
  <testcase name="Should handle keywords with semicolon separator" classname="com.adityachandel.booklore.service.metadata.extractor.Fb2MetadataExtractorTest$KeywordsTests" time="0.007"/>
  <system-out><![CDATA[]]></system-out>
  <system-err><![CDATA[]]></system-err>
</testsuite>
