<?xml version="1.0" encoding="UTF-8"?>
<testsuite name="com.adityachandel.booklore.service.BookServiceTest" tests="2" skipped="0" failures="0" errors="0" timestamp="2025-12-28T05:33:54.327Z" hostname="DESKTOP-67T0KNA" time="0.001">
  <properties/>
  <testcase name="bookEntityShelves_shouldAllowMultipleDifferentShelves()" classname="com.adityachandel.booklore.service.BookServiceTest" time="0.0"/>
  <testcase name="bookEntityShelves_shouldPreventDuplicateAssignments()" classname="com.adityachandel.booklore.service.BookServiceTest" time="0.001"/>
  <system-out><![CDATA[]]></system-out>
  <system-err><![CDATA[]]></system-err>
</testsuite>
