<?xml version="1.0" encoding="UTF-8"?>
<testsuite name="Series Metadata Tests" tests="3" skipped="0" failures="0" errors="0" timestamp="2025-12-28T05:34:06.550Z" hostname="DESKTOP-67T0KNA" time="0.024">
  <properties/>
  <testcase name="Should extract series name from sequence" classname="com.adityachandel.booklore.service.metadata.extractor.Fb2MetadataExtractorTest$SeriesMetadataTests" time="0.008"/>
  <testcase name="Should extract series number from sequence" classname="com.adityachandel.booklore.service.metadata.extractor.Fb2MetadataExtractorTest$SeriesMetadataTests" time="0.008"/>
  <testcase name="Should handle decimal series numbers" classname="com.adityachandel.booklore.service.metadata.extractor.Fb2MetadataExtractorTest$SeriesMetadataTests" time="0.008"/>
  <system-out><![CDATA[]]></system-out>
  <system-err><![CDATA[]]></system-err>
</testsuite>
