<?xml version="1.0" encoding="UTF-8"?>
<testsuite name="ISBN Extraction Tests" tests="3" skipped="0" failures="0" errors="0" timestamp="2025-12-28T05:34:05.755Z" hostname="DESKTOP-67T0KNA" time="0.053">
  <properties/>
  <testcase name="Should extract ISBN-10 from EPUB metadata" classname="com.adityachandel.booklore.service.metadata.extractor.EpubMetadataExtractorTest$IsbnExtractionTests" time="0.016"/>
  <testcase name="Should extract ISBN-13 from EPUB metadata" classname="com.adityachandel.booklore.service.metadata.extractor.EpubMetadataExtractorTest$IsbnExtractionTests" time="0.018"/>
  <testcase name="Should extract both ISBN-13 and ISBN-10" classname="com.adityachandel.booklore.service.metadata.extractor.EpubMetadataExtractorTest$IsbnExtractionTests" time="0.018"/>
  <system-out><![CDATA[]]></system-out>
  <system-err><![CDATA[]]></system-err>
</testsuite>
