<?xml version="1.0" encoding="UTF-8"?>
<testsuite name="com.adityachandel.booklore.service.KoboEntitlementServiceTest" tests="2" skipped="0" failures="0" errors="0" timestamp="2025-12-28T05:33:58.712Z" hostname="DESKTOP-67T0KNA" time="0.091">
  <properties/>
  <testcase name="getMetadataForBook_shouldUseCompatibilityServiceFilter()" classname="com.adityachandel.booklore.service.KoboEntitlementServiceTest" time="0.088"/>
  <testcase name="mapToKoboMetadata_cbxBookWithConversionEnabled_shouldReturnEpubFormat()" classname="com.adityachandel.booklore.service.KoboEntitlementServiceTest" time="0.002"/>
  <system-out><![CDATA[]]></system-out>
  <system-err><![CDATA[]]></system-err>
</testsuite>
