<?xml version="1.0" encoding="UTF-8"?>
<testsuite name="StatusInfo Building" tests="4" skipped="0" failures="0" errors="0" timestamp="2025-12-28T05:33:58.850Z" hostname="DESKTOP-67T0KNA" time="0.002">
  <properties/>
  <testcase name="Should handle FINISHED without dateFinished" classname="com.adityachandel.booklore.service.KoboReadingStateBuilderTest$StatusInfoBuilding" time="0.0"/>
  <testcase name="Should build StatusInfo with READING status" classname="com.adityachandel.booklore.service.KoboReadingStateBuilderTest$StatusInfoBuilding" time="0.001"/>
  <testcase name="Should build StatusInfo with READY_TO_READ and zero times started" classname="com.adityachandel.booklore.service.KoboReadingStateBuilderTest$StatusInfoBuilding" time="0.0"/>
  <testcase name="Should build StatusInfo with FINISHED status and finishedDate" classname="com.adityachandel.booklore.service.KoboReadingStateBuilderTest$StatusInfoBuilding" time="0.0"/>
  <system-out><![CDATA[]]></system-out>
  <system-err><![CDATA[]]></system-err>
</testsuite>
