<?xml version="1.0" encoding="UTF-8"?>
<testsuite name="getImagesFolder" tests="4" skipped="0" failures="0" errors="0" timestamp="2025-12-28T05:34:10.691Z" hostname="DESKTOP-67T0KNA" time="0.017">
  <properties/>
  <testcase name="returnsCorrectPath()" classname="com.adityachandel.booklore.util.FileServiceTest$PathUtilitiesTests$GetImagesFolderTests" time="0.004"/>
  <testcase name="[1] bookId=0" classname="com.adityachandel.booklore.util.FileServiceTest$PathUtilitiesTests$GetImagesFolderTests" time="0.004"/>
  <testcase name="[2] bookId=1" classname="com.adityachandel.booklore.util.FileServiceTest$PathUtilitiesTests$GetImagesFolderTests" time="0.003"/>
  <testcase name="[3] bookId=9223372036854775807" classname="com.adityachandel.booklore.util.FileServiceTest$PathUtilitiesTests$GetImagesFolderTests" time="0.003"/>
  <system-out><![CDATA[]]></system-out>
  <system-err><![CDATA[]]></system-err>
</testsuite>
