<?xml version="1.0" encoding="UTF-8"?>
<testsuite name="com.adityachandel.booklore.service.library.FolderAsBookFileProcessorSimpleTest" tests="2" skipped="0" failures="0" errors="0" timestamp="2025-12-28T05:34:04.839Z" hostname="DESKTOP-67T0KNA" time="0.001">
  <properties/>
  <testcase name="getScanMode_shouldReturnFolderAsBook()" classname="com.adityachandel.booklore.service.library.FolderAsBookFileProcessorSimpleTest" time="0.0"/>
  <testcase name="supportsSupplementaryFiles_shouldReturnTrue()" classname="com.adityachandel.booklore.service.library.FolderAsBookFileProcessorSimpleTest" time="0.0"/>
  <system-out><![CDATA[]]></system-out>
  <system-err><![CDATA[]]></system-err>
</testsuite>
